<?xml version="1.0" encoding="UTF-8"?>
<testsuite xmlns:xsi="http://www.w3.org/2001/XMLSchema-instance" xsi:noNamespaceSchemaLocation="https://maven.apache.org/surefire/maven-surefire-plugin/xsd/surefire-test-report-3.0.xsd" version="3.0" name="Database connections testing" time="0.987" tests="7" errors="0" skipped="0" failures="0">
  <properties>
[...]
</properties>
  <testcase name="Login test false" classname="Database connections testing" time="0.54">
    <system-out><![CDATA[Connected
[EL Info]: 2022-10-23 14:33:47.819--ServerSession(1181780767)--EclipseLink, version: Eclipse Persistence Services - 2.7.9.v20210604-2c549e2208
]]></system-out>
  </testcase>
  <testcase name="Register new user" classname="Database connections testing" time="0.018"/>
  <testcase name="Check non existing user" classname="Database connections testing" time="0.001"/>
  <testcase name="Check existing user" classname="Database connections testing" time="0.002"/>
  <testcase name="Register mail already exist" classname="Database connections testing" time="0.002"/>
  <testcase name="Register username already exist" classname="Database connections testing" time="0.002"/>
  <testcase name="Login test true" classname="Database connections testing" time="0.003"/>
</testsuite>