<?xml version="1.0" encoding="UTF-8"?>
<testsuite xmlns:xsi="http://www.w3.org/2001/XMLSchema-instance" xsi:noNamespaceSchemaLocation="https://maven.apache.org/surefire/maven-surefire-plugin/xsd/surefire-test-report-3.0.xsd" version="3.0" name="Database connections testing" time="1.44" tests="31" errors="26" skipped="0" failures="0">
  <properties>
[...]
</properties>
  <testcase name="Create platform by name" classname="Database connections testing" time="0.047">
    <error type="java.lang.NullPointerException"><![CDATA[java.lang.NullPointerException: Cannot invoke "jakarta.persistence.EntityManager.createQuery(String)" because the return value of "db.DatabaseHelper.getEm()" is null
	at tests.ServerTest.createPlatformTest(ServerTest.java:514)
]]></error>
    <system-err><![CDATA[dic 17, 2022 6:50:54 P. M. tests.ServerTest setUpClass
SEVERE: null
java.net.ConnectException: Connection refused: connect
	at java.base/sun.nio.ch.Net.connect0(Native Method)
	at java.base/sun.nio.ch.Net.connect(Net.java:579)
	at java.base/sun.nio.ch.Net.connect(Net.java:568)
	at java.base/sun.nio.ch.NioSocketImpl.connect(NioSocketImpl.java:588)
	at java.base/java.net.SocksSocketImpl.connect(SocksSocketImpl.java:327)
	at java.base/java.net.Socket.connect(Socket.java:633)
	at java.base/sun.security.ssl.SSLSocketImpl.connect(SSLSocketImpl.java:299)
	at java.base/sun.security.ssl.SSLSocketImpl.<init>(SSLSocketImpl.java:158)
	at java.base/sun.security.ssl.SSLSocketFactoryImpl.createSocket(SSLSocketFactoryImpl.java:88)
	at tests.ServerTest.setUpClass(ServerTest.java:126)
	at java.base/jdk.internal.reflect.NativeMethodAccessorImpl.invoke0(Native Method)
	at java.base/jdk.internal.reflect.NativeMethodAccessorImpl.invoke(NativeMethodAccessorImpl.java:77)
	at java.base/jdk.internal.reflect.DelegatingMethodAccessorImpl.invoke(DelegatingMethodAccessorImpl.java:43)
	at java.base/java.lang.reflect.Method.invoke(Method.java:568)
	at org.junit.platform.commons.util.ReflectionUtils.invokeMethod(ReflectionUtils.java:727)
	at org.junit.jupiter.engine.execution.MethodInvocation.proceed(MethodInvocation.java:60)
	at org.junit.jupiter.engine.execution.InvocationInterceptorChain$ValidatingInvocation.proceed(InvocationInterceptorChain.java:131)
	at org.junit.jupiter.engine.extension.TimeoutExtension.intercept(TimeoutExtension.java:156)
	at org.junit.jupiter.engine.extension.TimeoutExtension.interceptLifecycleMethod(TimeoutExtension.java:128)
	at org.junit.jupiter.engine.extension.TimeoutExtension.interceptBeforeAllMethod(TimeoutExtension.java:70)
	at org.junit.jupiter.engine.execution.InterceptingExecutableInvoker$ReflectiveInterceptorCall.lambda$ofVoidMethod$0(InterceptingExecutableInvoker.java:103)
	at org.junit.jupiter.engine.execution.InterceptingExecutableInvoker.lambda$invoke$0(InterceptingExecutableInvoker.java:93)
	at org.junit.jupiter.engine.execution.InvocationInterceptorChain$InterceptedInvocation.proceed(InvocationInterceptorChain.java:106)
	at org.junit.jupiter.engine.execution.InvocationInterceptorChain.proceed(InvocationInterceptorChain.java:64)
	at org.junit.jupiter.engine.execution.InvocationInterceptorChain.chainAndInvoke(InvocationInterceptorChain.java:45)
	at org.junit.jupiter.engine.execution.InvocationInterceptorChain.invoke(InvocationInterceptorChain.java:37)
	at org.junit.jupiter.engine.execution.InterceptingExecutableInvoker.invoke(InterceptingExecutableInvoker.java:92)
	at org.junit.jupiter.engine.execution.InterceptingExecutableInvoker.invoke(InterceptingExecutableInvoker.java:86)
	at org.junit.jupiter.engine.descriptor.ClassBasedTestDescriptor.lambda$invokeBeforeAllMethods$13(ClassBasedTestDescriptor.java:411)
	at org.junit.platform.engine.support.hierarchical.ThrowableCollector.execute(ThrowableCollector.java:73)
	at org.junit.jupiter.engine.descriptor.ClassBasedTestDescriptor.invokeBeforeAllMethods(ClassBasedTestDescriptor.java:409)
	at org.junit.jupiter.engine.descriptor.ClassBasedTestDescriptor.before(ClassBasedTestDescriptor.java:215)
	at org.junit.jupiter.engine.descriptor.ClassBasedTestDescriptor.before(ClassBasedTestDescriptor.java:84)
	at org.junit.platform.engine.support.hierarchical.NodeTestTask.lambda$executeRecursively$6(NodeTestTask.java:148)
	at org.junit.platform.engine.support.hierarchical.ThrowableCollector.execute(ThrowableCollector.java:73)
	at org.junit.platform.engine.support.hierarchical.NodeTestTask.lambda$executeRecursively$8(NodeTestTask.java:141)
	at org.junit.platform.engine.support.hierarchical.Node.around(Node.java:137)
	at org.junit.platform.engine.support.hierarchical.NodeTestTask.lambda$executeRecursively$9(NodeTestTask.java:139)
	at org.junit.platform.engine.support.hierarchical.ThrowableCollector.execute(ThrowableCollector.java:73)
	at org.junit.platform.engine.support.hierarchical.NodeTestTask.executeRecursively(NodeTestTask.java:138)
	at org.junit.platform.engine.support.hierarchical.NodeTestTask.execute(NodeTestTask.java:95)
	at java.base/java.util.ArrayList.forEach(ArrayList.java:1511)
	at org.junit.platform.engine.support.hierarchical.SameThreadHierarchicalTestExecutorService.invokeAll(SameThreadHierarchicalTestExecutorService.java:41)
	at org.junit.platform.engine.support.hierarchical.NodeTestTask.lambda$executeRecursively$6(NodeTestTask.java:155)
	at org.junit.platform.engine.support.hierarchical.ThrowableCollector.execute(ThrowableCollector.java:73)
	at org.junit.platform.engine.support.hierarchical.NodeTestTask.lambda$executeRecursively$8(NodeTestTask.java:141)
	at org.junit.platform.engine.support.hierarchical.Node.around(Node.java:137)
	at org.junit.platform.engine.support.hierarchical.NodeTestTask.lambda$executeRecursively$9(NodeTestTask.java:139)
	at org.junit.platform.engine.support.hierarchical.ThrowableCollector.execute(ThrowableCollector.java:73)
	at org.junit.platform.engine.support.hierarchical.NodeTestTask.executeRecursively(NodeTestTask.java:138)
	at org.junit.platform.engine.support.hierarchical.NodeTestTask.execute(NodeTestTask.java:95)
	at org.junit.platform.engine.support.hierarchical.SameThreadHierarchicalTestExecutorService.submit(SameThreadHierarchicalTestExecutorService.java:35)
	at org.junit.platform.engine.support.hierarchical.HierarchicalTestExecutor.execute(HierarchicalTestExecutor.java:57)
	at org.junit.platform.engine.support.hierarchical.HierarchicalTestEngine.execute(HierarchicalTestEngine.java:54)
	at org.junit.platform.launcher.core.EngineExecutionOrchestrator.execute(EngineExecutionOrchestrator.java:147)
	at org.junit.platform.launcher.core.EngineExecutionOrchestrator.execute(EngineExecutionOrchestrator.java:127)
	at org.junit.platform.launcher.core.EngineExecutionOrchestrator.execute(EngineExecutionOrchestrator.java:90)
	at org.junit.platform.launcher.core.EngineExecutionOrchestrator.lambda$execute$0(EngineExecutionOrchestrator.java:55)
	at org.junit.platform.launcher.core.EngineExecutionOrchestrator.withInterceptedStreams(EngineExecutionOrchestrator.java:102)
	at org.junit.platform.launcher.core.EngineExecutionOrchestrator.execute(EngineExecutionOrchestrator.java:54)
	at org.junit.platform.launcher.core.DefaultLauncher.execute(DefaultLauncher.java:114)
	at org.junit.platform.launcher.core.DefaultLauncher.execute(DefaultLauncher.java:86)
	at org.junit.platform.launcher.core.DefaultLauncherSession$DelegatingLauncher.execute(DefaultLauncherSession.java:86)
	at org.junit.platform.launcher.core.SessionPerRequestLauncher.execute(SessionPerRequestLauncher.java:53)
	at org.apache.maven.surefire.junitplatform.JUnitPlatformProvider.execute(JUnitPlatformProvider.java:188)
	at org.apache.maven.surefire.junitplatform.JUnitPlatformProvider.invokeAllTests(JUnitPlatformProvider.java:154)
	at org.apache.maven.surefire.junitplatform.JUnitPlatformProvider.invoke(JUnitPlatformProvider.java:128)
	at org.apache.maven.surefire.booter.ForkedBooter.runSuitesInProcess(ForkedBooter.java:428)
	at org.apache.maven.surefire.booter.ForkedBooter.execute(ForkedBooter.java:162)
	at org.apache.maven.surefire.booter.ForkedBooter.run(ForkedBooter.java:562)
	at org.apache.maven.surefire.booter.ForkedBooter.main(ForkedBooter.java:548)

]]></system-err>
  </testcase>
  <testcase name="Login test false" classname="Database connections testing" time="0.001">
    <error type="java.lang.NullPointerException"><![CDATA[java.lang.NullPointerException: Cannot invoke "java.io.DataOutputStream.writeByte(int)" because "tests.ServerTest.dos" is null
	at tests.ServerTest.loginTestNoOk(ServerTest.java:204)
]]></error>
  </testcase>
  <testcase name="Create multiple categories" classname="Database connections testing" time="0.004">
    <error type="java.lang.NullPointerException"><![CDATA[java.lang.NullPointerException: Cannot invoke "jakarta.persistence.EntityManager.createQuery(String)" because the return value of "db.DatabaseHelper.getEm()" is null
	at tests.ServerTest.createMultipleCategoriesTest(ServerTest.java:491)
]]></error>
  </testcase>
  <testcase name="Check existing category" classname="Database connections testing" time="0.001">
    <error type="java.lang.NullPointerException"><![CDATA[java.lang.NullPointerException: Cannot invoke "jakarta.persistence.EntityManager.createQuery(String)" because the return value of "db.DatabaseHelper.getEm()" is null
	at tests.ServerTest.checkGameExistCategoriesTest(ServerTest.java:402)
]]></error>
  </testcase>
  <testcase name="Create category by name" classname="Database connections testing" time="0.001">
    <error type="java.lang.NullPointerException"><![CDATA[java.lang.NullPointerException: Cannot invoke "jakarta.persistence.EntityManager.createQuery(String)" because the return value of "db.DatabaseHelper.getEm()" is null
	at tests.ServerTest.createCategoryTest(ServerTest.java:467)
]]></error>
  </testcase>
  <testcase name="Register new user" classname="Database connections testing" time="0.034"/>
  <testcase name="Check existing platform" classname="Database connections testing" time="0.002">
    <error type="java.lang.NullPointerException"><![CDATA[java.lang.NullPointerException: Cannot invoke "jakarta.persistence.EntityManager.createQuery(String)" because the return value of "db.DatabaseHelper.getEm()" is null
	at tests.ServerTest.checkGameExistPlatformsTest(ServerTest.java:378)
]]></error>
  </testcase>
  <testcase name="Check not existing platform" classname="Database connections testing" time="0.002">
    <error type="java.lang.NullPointerException"><![CDATA[java.lang.NullPointerException: Cannot invoke "jakarta.persistence.EntityManager.createQuery(String)" because the return value of "db.DatabaseHelper.getEm()" is null
	at tests.ServerTest.checkGameNoExistPlatformsTest(ServerTest.java:366)
]]></error>
  </testcase>
  <testcase name="Check not existing category" classname="Database connections testing" time="0.001">
    <error type="java.lang.NullPointerException"><![CDATA[java.lang.NullPointerException: Cannot invoke "jakarta.persistence.EntityManager.createQuery(String)" because the return value of "db.DatabaseHelper.getEm()" is null
	at tests.ServerTest.checkGameNoExistCategoriesTest(ServerTest.java:390)
]]></error>
  </testcase>
  <testcase name="Query paginated" classname="Database connections testing" time="0.005">
    <error type="java.lang.NullPointerException"><![CDATA[java.lang.NullPointerException: Cannot invoke "jakarta.persistence.EntityManager.createNativeQuery(String, java.lang.Class)" because the return value of "db.DatabaseHelper.getEm()" is null
	at tests.ServerTest.getQueryPaginatedTest(ServerTest.java:413)
]]></error>
    <system-out><![CDATA[SELECT * FROM Videogame WHERE 1=1 AND videogame.finalscore >= 0.0 ORDER BY Videogame.id OFFSET 0 FETCH NEXT 10 ROWS ONLY
]]></system-out>
  </testcase>
  <testcase name="Get top 5 videogames" classname="Database connections testing" time="0.001">
    <error type="java.lang.NullPointerException"><![CDATA[java.lang.NullPointerException: Cannot invoke "jakarta.persistence.EntityManager.createNativeQuery(String, java.lang.Class)" because the return value of "db.DatabaseHelper.getEm()" is null
	at tests.ServerTest.getGamesTop5Test(ServerTest.java:564)
]]></error>
  </testcase>
  <testcase name="Make admin True" classname="Database connections testing" time="0.001">
    <error type="java.lang.NullPointerException"><![CDATA[java.lang.NullPointerException: Cannot invoke "data.User.isIsAdmin()" because "user" is null
	at tests.ServerTest.makeAdminTrueTest(ServerTest.java:331)
]]></error>
  </testcase>
  <testcase name="Get all platforms" classname="Database connections testing" time="0.001">
    <error type="java.lang.NullPointerException"><![CDATA[java.lang.NullPointerException: Cannot invoke "jakarta.persistence.EntityManager.createQuery(String)" because the return value of "db.DatabaseHelper.getEm()" is null
	at tests.ServerTest.getPlatformsTest(ServerTest.java:524)
]]></error>
  </testcase>
  <testcase name="Create repeated game" classname="Database connections testing" time="0.002">
    <error type="java.lang.NullPointerException"><![CDATA[java.lang.NullPointerException: Cannot invoke "jakarta.persistence.EntityManager.createQuery(String)" because the return value of "db.DatabaseHelper.getEm()" is null
	at tests.ServerTest.saveExistingGameTest(ServerTest.java:354)
]]></error>
  </testcase>
  <testcase name="Get videogames paginated" classname="Database connections testing" time="0.001">
    <error type="java.lang.NullPointerException"><![CDATA[java.lang.NullPointerException: Cannot invoke "jakarta.persistence.EntityManager.createNativeQuery(String, java.lang.Class)" because the return value of "db.DatabaseHelper.getEm()" is null
	at tests.ServerTest.getGamesPaginatedTest(ServerTest.java:538)
]]></error>
    <system-out><![CDATA[SELECT * FROM Videogame WHERE 1=1 AND videogame.finalscore >= 0.0 ORDER BY Videogame.id OFFSET 0 FETCH NEXT 10 ROWS ONLY
]]></system-out>
  </testcase>
  <testcase name="Get videogame by name" classname="Database connections testing" time="0.002">
    <error type="java.lang.NullPointerException"><![CDATA[java.lang.NullPointerException: Cannot invoke "jakarta.persistence.EntityManager.createQuery(String)" because the return value of "db.DatabaseHelper.getEm()" is null
	at tests.ServerTest.getVideogameByNameTest(ServerTest.java:574)
]]></error>
  </testcase>
  <testcase name="Check non existing user" classname="Database connections testing" time="0.004"/>
  <testcase name="Check existing user" classname="Database connections testing" time="0.003"/>
  <testcase name="Register mail already exist" classname="Database connections testing" time="0.003"/>
  <testcase name="Register username already exist" classname="Database connections testing" time="0.003"/>
  <testcase name="Get all users" classname="Database connections testing" time="0.001">
    <error type="java.lang.NullPointerException"><![CDATA[java.lang.NullPointerException: Cannot invoke "jakarta.persistence.EntityManager.createNativeQuery(String, java.lang.Class)" because "db.DatabaseHelper.em" is null
	at tests.ServerTest.getUsersTest(ServerTest.java:298)
]]></error>
  </testcase>
  <testcase name="Get all categories" classname="Database connections testing" time="0.001">
    <error type="java.lang.NullPointerException"><![CDATA[java.lang.NullPointerException: Cannot invoke "jakarta.persistence.EntityManager.createQuery(String)" because the return value of "db.DatabaseHelper.getEm()" is null
	at tests.ServerTest.getCategoriesTest(ServerTest.java:477)
]]></error>
  </testcase>
  <testcase name="Update user mail" classname="Database connections testing" time="0.001">
    <error type="java.lang.NullPointerException"><![CDATA[java.lang.NullPointerException: Cannot invoke "data.User.getMail()" because "user" is null
	at tests.ServerTest.updateUserTest(ServerTest.java:317)
]]></error>
  </testcase>
  <testcase name="Create new game" classname="Database connections testing" time="0.001">
    <error type="java.lang.NullPointerException"><![CDATA[java.lang.NullPointerException: Cannot invoke "jakarta.persistence.EntityManager.createQuery(String)" because the return value of "db.DatabaseHelper.getEm()" is null
	at tests.ServerTest.saveNewGameTest(ServerTest.java:342)
]]></error>
  </testcase>
  <testcase name="Login test true" classname="Database connections testing" time="0.001">
    <error type="java.lang.NullPointerException"><![CDATA[java.lang.NullPointerException: Cannot invoke "java.io.DataOutputStream.writeByte(int)" because "tests.ServerTest.dos" is null
	at tests.ServerTest.loginTestOk(ServerTest.java:180)
]]></error>
  </testcase>
  <testcase name="Get total videogame pages" classname="Database connections testing" time="0.001">
    <error type="java.lang.NullPointerException"><![CDATA[java.lang.NullPointerException: Cannot invoke "jakarta.persistence.EntityManager.createNativeQuery(String, java.lang.Class)" because the return value of "db.DatabaseHelper.getEm()" is null
	at tests.ServerTest.getGamesTotalPageCountTest(ServerTest.java:554)
]]></error>
  </testcase>
  <testcase name="Save image method test" classname="Database connections testing" time="0.203">
    <error type="java.lang.NullPointerException"><![CDATA[java.lang.NullPointerException: Cannot invoke "jakarta.persistence.EntityManager.createQuery(String)" because the return value of "db.DatabaseHelper.getEm()" is null
	at tests.ServerTest.saveImageTest(ServerTest.java:440)
]]></error>
    <system-out><![CDATA[[EL Info]: 2022-12-17 18:50:55.228--ServerSession(316972274)--EclipseLink, version: Eclipse Persistence Services - 4.0.0.v202210051929
]]></system-out>
  </testcase>
  <testcase name="Get platform by name" classname="Database connections testing" time="0.001">
    <error type="java.lang.NullPointerException"><![CDATA[java.lang.NullPointerException: Cannot invoke "jakarta.persistence.EntityManager.createQuery(String)" because the return value of "db.DatabaseHelper.getEm()" is null
	at tests.ServerTest.getPlatformTest(ServerTest.java:503)
]]></error>
  </testcase>
  <testcase name="Get user by name" classname="Database connections testing" time="0.001">
    <error type="java.lang.NullPointerException"><![CDATA[java.lang.NullPointerException: Cannot invoke "data.User.getName()" because "user" is null
	at tests.ServerTest.getUserTest(ServerTest.java:289)
]]></error>
  </testcase>
  <testcase name="Get category by name" classname="Database connections testing" time="0.001">
    <error type="java.lang.NullPointerException"><![CDATA[java.lang.NullPointerException: Cannot invoke "jakarta.persistence.EntityManager.createQuery(String)" because the return value of "db.DatabaseHelper.getEm()" is null
	at tests.ServerTest.getCategoryTest(ServerTest.java:456)
]]></error>
  </testcase>
  <testcase name="" classname="Database connections testing" time="1.44">
    <error type="java.lang.NullPointerException"><![CDATA[java.lang.NullPointerException: Cannot invoke "java.io.DataInputStream.close()" because "tests.ServerTest.dis" is null
	at tests.ServerTest.tearDownClass(ServerTest.java:156)
]]></error>
  </testcase>
</testsuite>