-------------------------------------------------------------------------------
Test set: Database connections testing
-------------------------------------------------------------------------------
Tests run: 38, Failures: 3, Errors: 0, Skipped: 0, Time elapsed: 4.678 s <<< FAILURE! - in tests.ServerTest
tests.ServerTest.saveNewGameTest  Time elapsed: 0.017 s  <<< FAILURE!
org.opentest4j.AssertionFailedError: expected: <0> but was: <1>
	at tests.ServerTest.saveNewGameTest(ServerTest.java:330)

tests.ServerTest.saveImageTest  Time elapsed: 0.11 s  <<< FAILURE!
org.opentest4j.AssertionFailedError: expected: <0> but was: <1>
	at tests.ServerTest.saveImageTest(ServerTest.java:437)

tests.ServerTest.newRentalTest  Time elapsed: 0.015 s  <<< FAILURE!
org.opentest4j.AssertionFailedError: expected: <0> but was: <1>
	at tests.ServerTest.newRentalTest(ServerTest.java:639)

